<?xml version="1.0" encoding="UTF-8"?>
<robot generator="Robot 7.4.1 (Python 3.13.9 on win32)" generated="2026-02-07T02:51:11.501890" rpa="false" schemaversion="5">
<suite id="s1" name="Amazon Testes" source="D:\projetos_de_software\.robotframework\robotFrameworkBásico\WebTesting\amazon_testes.robot">
<test id="s1-t1" name="Caso de Teste 01 - Acesso ao menu Eletrônicos" line="9">
<kw name="Abrir o navegador" owner="amazon_resources" type="SETUP">
<kw name="Open Browser" owner="SeleniumLibrary">
<msg time="2026-02-07T02:51:11.622598" level="INFO">Opening browser 'chrome' to base url 'None'.</msg>
<arg>browser=chrome</arg>
<doc>Opens a new browser instance to the optional ``url``.</doc>
<status status="PASS" start="2026-02-07T02:51:11.622473" elapsed="0.536851"/>
</kw>
<kw name="Maximize Browser Window" owner="SeleniumLibrary">
<doc>Maximizes current browser window.</doc>
<status status="PASS" start="2026-02-07T02:51:12.159466" elapsed="0.025187"/>
</kw>
<status status="PASS" start="2026-02-07T02:51:11.622077" elapsed="0.562665"/>
</kw>
<kw name="Acessar a home page do site Amazon.com.br" owner="amazon_resources">
<kw name="Go To" owner="SeleniumLibrary">
<msg time="2026-02-07T02:51:12.185631" level="INFO">Opening url 'http://www.amazon.com.br'</msg>
<arg>url=${URL}</arg>
<doc>Navigates the current browser window to the provided ``url``.</doc>
<status status="PASS" start="2026-02-07T02:51:12.185538" elapsed="0.594114"/>
</kw>
<kw name="Wait Until Element Is Visible" owner="SeleniumLibrary">
<arg>locator=${MENU_ELETRONICOS}</arg>
<doc>Waits until the element ``locator`` is visible.</doc>
<status status="PASS" start="2026-02-07T02:51:12.779774" elapsed="1.154611"/>
</kw>
<status status="PASS" start="2026-02-07T02:51:12.185381" elapsed="1.749086"/>
</kw>
<kw name="Entrar no menu Eletrônicos" owner="amazon_resources">
<kw name="Click Element" owner="SeleniumLibrary">
<msg time="2026-02-07T02:51:13.935068" level="INFO">Clicking element '//a[@href='/Eletronicos-e-Tecnologia/b/?ie=UTF8&amp;node=16209062011&amp;ref_=nav_cs_electronics'][contains(.,'Eletrônicos')]'.</msg>
<arg>locator=${MENU_ELETRONICOS}</arg>
<doc>Click the element identified by ``locator``.</doc>
<status status="PASS" start="2026-02-07T02:51:13.934910" elapsed="1.909278"/>
</kw>
<status status="PASS" start="2026-02-07T02:51:13.934733" elapsed="1.909574"/>
</kw>
<kw name="Verificar se aparece a frase &quot;Eletrônicos e Tecnologia&quot;" owner="amazon_resources">
<kw name="Wait Until Page Contains" owner="SeleniumLibrary">
<arg>text=Eletrônicos e Tecnologia</arg>
<doc>Waits until ``text`` appears on the current page.</doc>
<status status="PASS" start="2026-02-07T02:51:15.844957" elapsed="0.017714"/>
</kw>
<kw name="Wait Until Element Is Visible" owner="SeleniumLibrary">
<arg>locator=(//span[contains(.,'Eletrônicos e Tecnologia')])[1]</arg>
<doc>Waits until the element ``locator`` is visible.</doc>
<status status="PASS" start="2026-02-07T02:51:15.862845" elapsed="0.014002"/>
</kw>
<status status="PASS" start="2026-02-07T02:51:15.844682" elapsed="0.032272"/>
</kw>
<doc>Esse teste verifica o menu Eletrônicos do site da Amazon.com.br
e verifica a categoria Computadores e Informática</doc>
<tag>categorias</tag>
<tag>menus</tag>
<status status="PASS" start="2026-02-07T02:51:11.621527" elapsed="4.255699"/>
</test>
<doc>Essa suite testa o site da Amazon.com.br</doc>
<status status="PASS" start="2026-02-07T02:51:11.502687" elapsed="4.375162"/>
</suite>
<statistics>
<total>
<stat pass="1" fail="0" skip="0">All Tests</stat>
</total>
<tag>
<stat pass="1" fail="0" skip="0">categorias</stat>
<stat pass="1" fail="0" skip="0">menus</stat>
</tag>
<suite>
<stat name="Amazon Testes" id="s1" pass="1" fail="0" skip="0">Amazon Testes</stat>
</suite>
</statistics>
<errors>
</errors>
</robot>
